<?xml version="1.0" encoding="UTF-8"?>
<testng-results ignored="0" total="0" passed="0" failed="0" skipped="0">
  <reporter-output>
  </reporter-output>
  <suite started-at="2025-03-08T14:20:17 IST" name="Suite" finished-at="2025-03-08T14:20:17 IST" duration-ms="29">
    <groups>
    </groups>
    <test started-at="2025-03-08T14:20:17 IST" name="Test" finished-at="2025-03-08T14:20:17 IST" duration-ms="29">
      <class name="campaigns.CreateCampaignsTest">
        <test-method is-config="true" signature="BS()[pri:0, instance:campaigns.CreateCampaignsTest@68be8808]" started-at="2025-03-08T14:20:17 IST" name="BS" finished-at="2025-03-08T14:20:17 IST" duration-ms="26" status="PASS">
          <reporter-output>
          </reporter-output>
        </test-method> <!-- BS -->
        <test-method is-config="true" signature="BT()[pri:0, instance:campaigns.CreateCampaignsTest@68be8808]" started-at="2025-03-08T14:20:17 IST" name="BT" finished-at="2025-03-08T14:20:17 IST" duration-ms="1" status="PASS">
          <reporter-output>
          </reporter-output>
        </test-method> <!-- BT -->
        <test-method is-config="true" signature="AT()[pri:0, instance:campaigns.CreateCampaignsTest@68be8808]" started-at="2025-03-08T14:20:17 IST" name="AT" finished-at="2025-03-08T14:20:17 IST" duration-ms="1" status="PASS">
          <reporter-output>
          </reporter-output>
        </test-method> <!-- AT -->
        <test-method is-config="true" signature="AS()[pri:0, instance:campaigns.CreateCampaignsTest@68be8808]" started-at="2025-03-08T14:20:17 IST" name="AS" finished-at="2025-03-08T14:20:17 IST" duration-ms="10" status="PASS">
          <reporter-output>
          </reporter-output>
        </test-method> <!-- AS -->
      </class> <!-- campaigns.CreateCampaignsTest -->
    </test> <!-- Test -->
  </suite> <!-- Suite -->
</testng-results>
