<?xml version="1.0" encoding="UTF-8"?>
<!-- Generated by org.testng.reporters.JUnitXMLReporter -->
<testsuite ignored="2" hostname="DESKTOP-R1JF8S2" failures="0" tests="0" time="0.029" errors="0" timestamp="2025-03-08T14:20:17 IST">
  <testcase classname="campaigns.CreateCampaignsTest" name="createCampaignsTest" time="0.0">
    <ignored/>
  </testcase> <!-- createCampaignsTest -->
  <testcase classname="campaigns.CreateCampaignsTest" name="m2" time="0.0">
    <ignored/>
  </testcase> <!-- m2 -->
</testsuite>
